<?xml version="1.0" encoding="UTF-8"?>
<!-- Generated by org.testng.reporters.JUnitXMLReporter -->
<testsuite hostname="DESKTOP-C1SS90L" ignored="6" name="Test" tests="6" failures="0" timestamp="2022-04-01T00:03:52 IST" time="0.23" errors="0">
  <testcase name="carromboard" time="0.02" classname="com.testNG.Groups_Prgm"/>
  <testcase name="chess" time="0.01" classname="com.testNG.Groups_Prgm"/>
  <testcase name="cricket" time="0.01" classname="com.testNG.Groups_Prgm"/>
  <testcase name="englishbook" time="0.0" classname="com.testNG.Groups_Prgm"/>
  <testcase name="mathsbook" time="0.01" classname="com.testNG.Groups_Prgm"/>
  <testcase name="tamilbook" time="0.0" classname="com.testNG.Groups_Prgm"/>
  <testcase name="instagram" time="0.0" classname="com.testNG.Groups_Prgm">
    <ignored/>
  </testcase> <!-- instagram -->
  <testcase name="sharechat" time="0.0" classname="com.testNG.Groups_Prgm">
    <ignored/>
  </testcase> <!-- sharechat -->
  <testcase name="mobiles" time="0.0" classname="com.testNG.Groups_Prgm">
    <ignored/>
  </testcase> <!-- mobiles -->
  <testcase name="washingmachine" time="0.0" classname="com.testNG.Groups_Prgm">
    <ignored/>
  </testcase> <!-- washingmachine -->
  <testcase name="television" time="0.0" classname="com.testNG.Groups_Prgm">
    <ignored/>
  </testcase> <!-- television -->
  <testcase name="facebook" time="0.0" classname="com.testNG.Groups_Prgm">
    <ignored/>
  </testcase> <!-- facebook -->
</testsuite> <!-- Test -->
